d:\files\清华大学\数据结构与算法设计\作业\数算实验二\后端部分\数算实验二\数算实验二\x64\debug\vc140.pdb
d:\files\清华大学\数据结构与算法设计\作业\数算实验二\后端部分\数算实验二\数算实验二\x64\debug\vc140.idb
d:\files\清华大学\数据结构与算法设计\作业\数算实验二\后端部分\数算实验二\数算实验二\x64\debug\avl.obj
d:\files\清华大学\数据结构与算法设计\作业\数算实验二\后端部分\数算实验二\数算实验二\x64\debug\charstring.obj
d:\files\清华大学\数据结构与算法设计\作业\数算实验二\后端部分\数算实验二\数算实验二\x64\debug\charstringlink.obj
d:\files\清华大学\数据结构与算法设计\作业\数算实验二\后端部分\数算实验二\数算实验二\x64\debug\filechain.obj
d:\files\清华大学\数据结构与算法设计\作业\数算实验二\后端部分\数算实验二\数算实验二\x64\debug\functions.obj
d:\files\清华大学\数据结构与算法设计\作业\数算实验二\后端部分\数算实验二\数算实验二\x64\debug\main.obj
d:\files\清华大学\数据结构与算法设计\作业\数算实验二\后端部分\数算实验二\数算实验二\x64\debug\newtrie.obj
d:\files\清华大学\数据结构与算法设计\作业\数算实验二\后端部分\数算实验二\数算实验二\x64\debug\stack.obj
d:\files\清华大学\数据结构与算法设计\作业\数算实验二\数算实验二\数算实验二\x64\debug\vc140.pdb
d:\files\清华大学\数据结构与算法设计\作业\数算实验二\数算实验二\数算实验二\x64\debug\vc140.idb
d:\files\清华大学\数据结构与算法设计\作业\数算实验二\数算实验二\数算实验二\x64\debug\avl.obj
d:\files\清华大学\数据结构与算法设计\作业\数算实验二\数算实验二\数算实验二\x64\debug\charstring.obj
d:\files\清华大学\数据结构与算法设计\作业\数算实验二\数算实验二\数算实验二\x64\debug\charstringlink.obj
d:\files\清华大学\数据结构与算法设计\作业\数算实验二\数算实验二\数算实验二\x64\debug\filechain.obj
d:\files\清华大学\数据结构与算法设计\作业\数算实验二\数算实验二\数算实验二\x64\debug\functions.obj
d:\files\清华大学\数据结构与算法设计\作业\数算实验二\数算实验二\数算实验二\x64\debug\main.obj
d:\files\清华大学\数据结构与算法设计\作业\数算实验二\数算实验二\数算实验二\x64\debug\newtrie.obj
d:\files\清华大学\数据结构与算法设计\作业\数算实验二\数算实验二\数算实验二\x64\debug\stack.obj
d:\files\清华大学\数据结构与算法设计\作业\数算实验二\数算实验二\数算实验二\x64\debug\newcharstringlink.obj
d:\files\清华大学\数据结构与算法设计\作业\数算实验二\后端部分\数算实验二\x64\debug\数算实验二.ilk
d:\files\清华大学\数据结构与算法设计\作业\数算实验二\后端部分\数算实验二\x64\debug\数算实验二.exe
d:\files\清华大学\数据结构与算法设计\作业\数算实验二\后端部分\数算实验二\x64\debug\数算实验二.pdb
d:\files\清华大学\数据结构与算法设计\作业\数算实验二\数算实验二\x64\debug\数算实验二.ilk
d:\files\清华大学\数据结构与算法设计\作业\数算实验二\数算实验二\x64\debug\数算实验二.exe
d:\files\清华大学\数据结构与算法设计\作业\数算实验二\数算实验二\x64\debug\数算实验二.pdb
d:\files\清华大学\数据结构与算法设计\作业\数算实验二\数算实验二\数算实验二\x64\debug\avl.obj.enc
d:\files\清华大学\数据结构与算法设计\作业\数算实验二\数算实验二\数算实验二\x64\debug\charstring.obj.enc
d:\files\清华大学\数据结构与算法设计\作业\数算实验二\数算实验二\数算实验二\x64\debug\functions.obj.enc
d:\files\清华大学\数据结构与算法设计\作业\数算实验二\数算实验二\数算实验二\x64\debug\stack.obj.enc
d:\files\清华大学\数据结构与算法设计\作业\数算实验二\数算实验二\数算实验二\x64\debug\数算实验二.tlog\cl.command.1.tlog
d:\files\清华大学\数据结构与算法设计\作业\数算实验二\数算实验二\数算实验二\x64\debug\数算实验二.tlog\cl.read.1.tlog
d:\files\清华大学\数据结构与算法设计\作业\数算实验二\数算实验二\数算实验二\x64\debug\数算实验二.tlog\cl.write.1.tlog
d:\files\清华大学\数据结构与算法设计\作业\数算实验二\数算实验二\数算实验二\x64\debug\数算实验二.tlog\link.command.1.tlog
d:\files\清华大学\数据结构与算法设计\作业\数算实验二\数算实验二\数算实验二\x64\debug\数算实验二.tlog\link.read.1.tlog
d:\files\清华大学\数据结构与算法设计\作业\数算实验二\数算实验二\数算实验二\x64\debug\数算实验二.tlog\link.write.1.tlog
